<?xml version="1.0" encoding="UTF-8"?>
<testng-results ignored="0" total="1" passed="1" failed="0" skipped="0">
  <reporter-output>
  </reporter-output>
  <suite started-at="2022-12-18T15:57:38 GMT-05:00" name="Command line suite" finished-at="2022-12-18T15:57:38 GMT-05:00" duration-ms="63">
    <groups>
    </groups>
    <test started-at="2022-12-18T15:57:38 GMT-05:00" name="Command line test" finished-at="2022-12-18T15:57:38 GMT-05:00" duration-ms="63">
      <class name="com.cybertek.tests.day5_testNG_Intro_Dropdowns.TestNG_Introduction">
        <test-method signature="test1()[pri:0, instance:com.cybertek.tests.day5_testNG_Intro_Dropdowns.TestNG_Introduction@40a4337a]" started-at="2022-12-18T15:57:38 GMT-05:00" name="test1" finished-at="2022-12-18T15:57:38 GMT-05:00" duration-ms="12" status="PASS">
          <reporter-output>
          </reporter-output>
        </test-method> <!-- test1 -->
      </class> <!-- com.cybertek.tests.day5_testNG_Intro_Dropdowns.TestNG_Introduction -->
    </test> <!-- Command line test -->
  </suite> <!-- Command line suite -->
</testng-results>
